2025-08-04 14:08:23,620 - httpx - INFO - HTTP Request: GET https://dagshub.com/api/v1/user "HTTP/1.1 200 OK"
2025-08-04 14:08:23,623 - dagshub - INFO - Accessing as klokesh5401
2025-08-04 14:08:23,991 - httpx - INFO - HTTP Request: GET https://dagshub.com/api/v1/repos/klokesh5401/Network-Security "HTTP/1.1 200 OK"
2025-08-04 14:08:24,319 - httpx - INFO - HTTP Request: GET https://dagshub.com/api/v1/user "HTTP/1.1 200 OK"
2025-08-04 14:08:24,321 - dagshub - INFO - Initialized MLflow to track repo "klokesh5401/Network-Security"
2025-08-04 14:08:24,321 - dagshub - INFO - Repository klokesh5401/Network-Security initialized!
2025-08-04 14:08:42,517 - root - INFO - Start data Ingestion
2025-08-04 14:08:48,526 - root - INFO - Performed train test split on the dataframe
2025-08-04 14:08:48,526 - root - INFO - Exited split_data_as_train_test method of Data_Ingestion class
2025-08-04 14:08:48,527 - root - INFO - Exporting train and test file path.
2025-08-04 14:08:48,558 - root - INFO - Exported train and test file path.
2025-08-04 14:08:48,558 - root - INFO - Data Ingestion completed and artifact: DataIngestionArtifact(trained_file_path='Artifacts/08_04_2025_14_08_21/data_ingestion/ingested/train.csv', test_file_path='Artifacts/08_04_2025_14_08_21/data_ingestion/ingested/test.csv')
2025-08-04 14:08:48,560 - root - INFO - Initiate the data Validation
2025-08-04 14:08:48,572 - root - INFO - Data read successfully from train and test files.
2025-08-04 14:08:48,572 - root - INFO - required number of columns: 2
2025-08-04 14:08:48,572 - root - INFO - Data frame has 31 columns.
2025-08-04 14:08:48,572 - root - ERROR - Number of columns validation failed. Expected: 2, Found: 31
2025-08-04 14:08:48,572 - root - ERROR - Number of columns in train file Artifacts/08_04_2025_14_08_21/data_ingestion/ingested/train.csv is not as per schema.
2025-08-04 14:08:48,572 - root - INFO - required number of columns: 2
2025-08-04 14:08:48,572 - root - INFO - Data frame has 31 columns.
2025-08-04 14:08:48,572 - root - ERROR - Number of columns validation failed. Expected: 2, Found: 31
2025-08-04 14:08:48,572 - root - ERROR - Number of columns in test file Artifacts/08_04_2025_14_08_21/data_ingestion/ingested/test.csv is not as per schema.
2025-08-04 14:08:48,572 - root - INFO - All required numerical columns exist.
2025-08-04 14:08:48,572 - root - INFO - All required numerical columns exist.
2025-08-04 14:08:48,636 - root - INFO - Drift report saved at Artifacts/08_04_2025_14_08_21/data_validation/drift_report/report.yaml
2025-08-04 14:08:48,669 - root - INFO - Entered initiate_data_transformation method of DataTransformation class
2025-08-04 14:08:48,669 - root - INFO - Starting data transformation
2025-08-04 14:08:48,680 - root - INFO - Entered get_data_trnasformer_object method of Trnasformation class
2025-08-04 14:08:48,680 - root - INFO - Initialise KNNImputer with {'missing_values': nan, 'n_neighbors': 3, 'weights': 'uniform'}
2025-08-04 14:08:48,685 - root - INFO - Entered the save_object method of MainUtils class
2025-08-04 14:08:48,687 - root - INFO - Exited the save_object method of MainUtils class
2025-08-04 14:08:48,687 - root - INFO - Entered the save_object method of MainUtils class
2025-08-04 14:08:48,688 - root - INFO - Exited the save_object method of MainUtils class
2025-08-04 14:10:50,604 - root - INFO - Entered the save_object method of MainUtils class
2025-08-04 14:10:50,605 - root - INFO - Exited the save_object method of MainUtils class
2025-08-04 14:10:50,605 - root - INFO - Entered the save_object method of MainUtils class
2025-08-04 14:10:50,617 - root - INFO - Exited the save_object method of MainUtils class
2025-08-04 14:10:50,617 - root - INFO - Model trainer artifact: ModelTrainerArtifact(trained_model_file_path='Artifacts/08_04_2025_14_08_21/model_trainer/trained_model/model.pkl', train_metric_artifact=ClassificationMetricArtifact(f1_score=0.9909836895957856, precision_score=0.9886800080857086, recall_score=0.993298131600325), test_metric_artifact=ClassificationMetricArtifact(f1_score=0.9719101123595506, precision_score=0.9618745035742653, recall_score=0.9821573398215734))
