2025-08-04 13:06:52,347 - root - INFO - Initiate the data ingestion
2025-08-04 13:06:57,978 - root - INFO - Performed train test split on the dataframe
2025-08-04 13:06:57,978 - root - INFO - Exited split_data_as_train_test method of Data_Ingestion class
2025-08-04 13:06:57,978 - root - INFO - Exporting train and test file path.
2025-08-04 13:06:58,009 - root - INFO - Exported train and test file path.
2025-08-04 13:06:58,009 - root - INFO - Data Initiation Completed
2025-08-04 13:06:58,012 - root - INFO - Initiate the data Validation
2025-08-04 13:06:58,021 - root - INFO - Data read successfully from train and test files.
2025-08-04 13:06:58,021 - root - INFO - required number of columns: 2
2025-08-04 13:06:58,021 - root - INFO - Data frame has 31 columns.
2025-08-04 13:06:58,021 - root - ERROR - Number of columns validation failed. Expected: 2, Found: 31
2025-08-04 13:06:58,021 - root - ERROR - Number of columns in train file Artifacts/08_04_2025_13_06_51/data_ingestion/ingested/train.csv is not as per schema.
2025-08-04 13:06:58,021 - root - INFO - required number of columns: 2
2025-08-04 13:06:58,021 - root - INFO - Data frame has 31 columns.
2025-08-04 13:06:58,021 - root - ERROR - Number of columns validation failed. Expected: 2, Found: 31
2025-08-04 13:06:58,021 - root - ERROR - Number of columns in test file Artifacts/08_04_2025_13_06_51/data_ingestion/ingested/test.csv is not as per schema.
2025-08-04 13:06:58,021 - root - INFO - All required numerical columns exist.
2025-08-04 13:06:58,021 - root - INFO - All required numerical columns exist.
2025-08-04 13:06:58,073 - root - INFO - Drift report saved at Artifacts/08_04_2025_13_06_51/data_validation/drift_report/report.yaml
2025-08-04 13:06:58,103 - root - INFO - data Validation Completed
2025-08-04 13:06:58,103 - root - INFO - data Transformation started
2025-08-04 13:06:58,103 - root - INFO - Entered initiate_data_transformation method of DataTransformation class
2025-08-04 13:06:58,103 - root - INFO - Starting data transformation
2025-08-04 13:06:58,113 - root - INFO - Entered get_data_trnasformer_object method of Trnasformation class
2025-08-04 13:06:58,113 - root - INFO - Initialise KNNImputer with {'missing_values': nan, 'n_neighbors': 3, 'weights': 'uniform'}
2025-08-04 13:06:58,118 - root - INFO - Entered the save_object method of MainUtils class
2025-08-04 13:06:58,122 - root - INFO - Exited the save_object method of MainUtils class
2025-08-04 13:06:58,122 - root - INFO - Entered the save_object method of MainUtils class
2025-08-04 13:06:58,124 - root - INFO - Exited the save_object method of MainUtils class
2025-08-04 13:06:58,124 - root - INFO - data Transformation completed
