2025-08-02 23:46:37,549 - root - INFO - Initiate the data ingestion
2025-08-02 23:46:39,249 - root - INFO - Performed train test split on the dataframe
2025-08-02 23:46:39,249 - root - INFO - Exited split_data_as_train_test method of Data_Ingestion class
2025-08-02 23:46:39,249 - root - INFO - Exporting train and test file path.
2025-08-02 23:46:39,280 - root - INFO - Exported train and test file path.
2025-08-02 23:46:39,280 - root - INFO - Data Initiation Completed
2025-08-02 23:46:39,282 - root - INFO - Initiate the data Validation
2025-08-02 23:46:39,292 - root - INFO - Data read successfully from train and test files.
2025-08-02 23:46:39,292 - root - INFO - required number of columns: 2
2025-08-02 23:46:39,292 - root - INFO - Data frame has 31 columns.
2025-08-02 23:46:39,292 - root - ERROR - Number of columns validation failed. Expected: 2, Found: 31
2025-08-02 23:46:39,292 - root - ERROR - Number of columns in train file Artifacts/08_02_2025_23_46_35/data_ingestion/ingested/train.csv is not as per schema.
2025-08-02 23:46:39,292 - root - INFO - required number of columns: 2
2025-08-02 23:46:39,292 - root - INFO - Data frame has 31 columns.
2025-08-02 23:46:39,292 - root - ERROR - Number of columns validation failed. Expected: 2, Found: 31
2025-08-02 23:46:39,292 - root - ERROR - Number of columns in test file Artifacts/08_02_2025_23_46_35/data_ingestion/ingested/test.csv is not as per schema.
2025-08-02 23:46:39,292 - root - INFO - All required numerical columns exist.
2025-08-02 23:46:39,293 - root - INFO - All required numerical columns exist.
2025-08-02 23:46:39,348 - root - INFO - Drift report saved at Artifacts/08_02_2025_23_46_35/data_validation/drift_report/report.yaml
2025-08-02 23:46:39,378 - root - INFO - data Validation Completed
