2025-08-04 13:38:37,978 - httpx - INFO - HTTP Request: GET https://dagshub.com/api/v1/user "HTTP/1.1 200 OK"
2025-08-04 13:38:37,989 - dagshub - INFO - Accessing as klokesh5401
2025-08-04 13:38:38,373 - httpx - INFO - HTTP Request: GET https://dagshub.com/api/v1/repos/klokesh5401/Network-Security "HTTP/1.1 200 OK"
2025-08-04 13:38:38,718 - httpx - INFO - HTTP Request: GET https://dagshub.com/api/v1/user "HTTP/1.1 200 OK"
2025-08-04 13:38:38,721 - dagshub - INFO - Initialized MLflow to track repo "klokesh5401/Network-Security"
2025-08-04 13:38:38,722 - dagshub - INFO - Repository klokesh5401/Network-Security initialized!
2025-08-04 13:38:38,722 - root - INFO - Initiate the data ingestion
2025-08-04 13:38:44,372 - root - INFO - Performed train test split on the dataframe
2025-08-04 13:38:44,372 - root - INFO - Exited split_data_as_train_test method of Data_Ingestion class
2025-08-04 13:38:44,372 - root - INFO - Exporting train and test file path.
2025-08-04 13:38:44,401 - root - INFO - Exported train and test file path.
2025-08-04 13:38:44,401 - root - INFO - Data Initiation Completed
2025-08-04 13:38:44,404 - root - INFO - Initiate the data Validation
2025-08-04 13:38:44,413 - root - INFO - Data read successfully from train and test files.
2025-08-04 13:38:44,413 - root - INFO - required number of columns: 2
2025-08-04 13:38:44,413 - root - INFO - Data frame has 31 columns.
2025-08-04 13:38:44,413 - root - ERROR - Number of columns validation failed. Expected: 2, Found: 31
2025-08-04 13:38:44,413 - root - ERROR - Number of columns in train file Artifacts/08_04_2025_13_38_36/data_ingestion/ingested/train.csv is not as per schema.
2025-08-04 13:38:44,413 - root - INFO - required number of columns: 2
2025-08-04 13:38:44,413 - root - INFO - Data frame has 31 columns.
2025-08-04 13:38:44,413 - root - ERROR - Number of columns validation failed. Expected: 2, Found: 31
2025-08-04 13:38:44,414 - root - ERROR - Number of columns in test file Artifacts/08_04_2025_13_38_36/data_ingestion/ingested/test.csv is not as per schema.
2025-08-04 13:38:44,414 - root - INFO - All required numerical columns exist.
2025-08-04 13:38:44,414 - root - INFO - All required numerical columns exist.
2025-08-04 13:38:44,470 - root - INFO - Drift report saved at Artifacts/08_04_2025_13_38_36/data_validation/drift_report/report.yaml
2025-08-04 13:38:44,500 - root - INFO - data Validation Completed
2025-08-04 13:38:44,500 - root - INFO - data Transformation started
2025-08-04 13:38:44,500 - root - INFO - Entered initiate_data_transformation method of DataTransformation class
2025-08-04 13:38:44,500 - root - INFO - Starting data transformation
2025-08-04 13:38:44,511 - root - INFO - Entered get_data_trnasformer_object method of Trnasformation class
2025-08-04 13:38:44,511 - root - INFO - Initialise KNNImputer with {'missing_values': nan, 'n_neighbors': 3, 'weights': 'uniform'}
2025-08-04 13:38:44,515 - root - INFO - Entered the save_object method of MainUtils class
2025-08-04 13:38:44,517 - root - INFO - Exited the save_object method of MainUtils class
2025-08-04 13:38:44,517 - root - INFO - Entered the save_object method of MainUtils class
2025-08-04 13:38:44,519 - root - INFO - Exited the save_object method of MainUtils class
2025-08-04 13:38:44,519 - root - INFO - data Transformation completed
2025-08-04 13:38:44,519 - root - INFO - Model Training sstared
