2025-08-04 13:04:06,315 - root - INFO - Initiate the data ingestion
2025-08-04 13:04:12,057 - root - INFO - Performed train test split on the dataframe
2025-08-04 13:04:12,057 - root - INFO - Exited split_data_as_train_test method of Data_Ingestion class
2025-08-04 13:04:12,057 - root - INFO - Exporting train and test file path.
2025-08-04 13:04:12,089 - root - INFO - Exported train and test file path.
2025-08-04 13:04:12,089 - root - INFO - Data Initiation Completed
2025-08-04 13:04:12,091 - root - INFO - Initiate the data Validation
2025-08-04 13:04:12,101 - root - INFO - Data read successfully from train and test files.
2025-08-04 13:04:12,101 - root - INFO - required number of columns: 2
2025-08-04 13:04:12,101 - root - INFO - Data frame has 31 columns.
2025-08-04 13:04:12,101 - root - ERROR - Number of columns validation failed. Expected: 2, Found: 31
2025-08-04 13:04:12,101 - root - ERROR - Number of columns in train file Artifacts/08_04_2025_13_04_02/data_ingestion/ingested/train.csv is not as per schema.
2025-08-04 13:04:12,101 - root - INFO - required number of columns: 2
2025-08-04 13:04:12,101 - root - INFO - Data frame has 31 columns.
2025-08-04 13:04:12,101 - root - ERROR - Number of columns validation failed. Expected: 2, Found: 31
2025-08-04 13:04:12,101 - root - ERROR - Number of columns in test file Artifacts/08_04_2025_13_04_02/data_ingestion/ingested/test.csv is not as per schema.
2025-08-04 13:04:12,102 - root - INFO - All required numerical columns exist.
2025-08-04 13:04:12,102 - root - INFO - All required numerical columns exist.
2025-08-04 13:04:12,165 - root - INFO - Drift report saved at Artifacts/08_04_2025_13_04_02/data_validation/drift_report/report.yaml
2025-08-04 13:04:12,195 - root - INFO - data Validation Completed
2025-08-04 13:04:12,195 - root - INFO - data Transformation started
2025-08-04 13:04:12,195 - root - INFO - Entered the initiate_data_transformation method of DataTransformation class
